<?xml version="1.0" encoding="UTF-8"?>
<!-- Generated by org.testng.reporters.JUnitReportReporter -->
<testsuite hostname="LAPTOP-BDUVLNVT" failures="0" tests="1" name="coverFoxTest.CF_TC551_Validate_Error_Msg_For_Pincode" time="21.426" errors="0" timestamp="2024-01-09T22:53:56 IST" skipped="0">
  <testcase classname="coverFoxTest.CF_TC551_Validate_Error_Msg_For_Pincode" name="checkErrorMsgIsDisplayed" time="21.426">
    <system-out>
      <![CDATA[TC checkErrorMsgIsDisplayed execution is started
check error message is Showing or not
Error msg is displaying
TC is Pass
TC checkErrorMsgIsDisplayed is completed successfully]]>
    </system-out>
  </testcase> <!-- checkErrorMsgIsDisplayed -->
  <system-out>
    <![CDATA[Launching Browser
Clicking on gender
Clicking on next Button
Select Age
TC checkErrorMsgIsDisplayed execution is started
check error message is Showing or not
Error msg is displaying
TC is Pass
TC checkErrorMsgIsDisplayed is completed successfully
Closing Browser
Opening Browser
Launching Browser
clicking on gender button 
clicking on next button 
Handeling age drop down 
Clicking on next button 
Entering pin code 
Entering mobile num 
Clicking on continue button 
TC validateTestPlansFromTextAndBanners execution is started
Fetching number of results from text 
Fetching number of results from Banners 
TC is passed 
Click on Apply
9and9
TC validateTestPlansFromTextAndBanners is completed successfully
Closing browser 
Closing Browser]]>
  </system-out>
</testsuite> <!-- coverFoxTest.CF_TC551_Validate_Error_Msg_For_Pincode -->
