<?xml version="1.0" encoding="UTF-8"?>
<!-- Generated by org.testng.reporters.JUnitReportReporter -->
<testsuite hostname="LAPTOP-BDUVLNVT" failures="0" tests="1" name="coverFoxTest.CF_TC555_Validate_search_results_for_healthcare_policies" time="33.148" errors="0" timestamp="2024-01-11T15:38:25 IST" skipped="0">
  <testcase classname="coverFoxTest.CF_TC555_Validate_search_results_for_healthcare_policies" name="validateTestPlansFromTextAndBanners" time="33.148">
    <system-out>
      <![CDATA[TC validateTestPlansFromTextAndBanners execution is started
Fetching number of results from text 
Fetching number of results from Banners 
TC is passed 
Click on Apply
9and9
TC validateTestPlansFromTextAndBanners is completed successfully]]>
    </system-out>
  </testcase> <!-- validateTestPlansFromTextAndBanners -->
  <system-out>
    <![CDATA[Opening Browser
Clicking on gender
clicking on gender button 
Clicking on next Button
clicking on next button 
Select Age
Handeling age drop down 
Clicking on next button 
TC checkErrorMsgIsDisplayed execution is started
check error message is Showing or not
Entering pin code 
Entering mobile num 
Clicking on continue button 
Error msg is displaying
TC is Pass
TC checkErrorMsgIsDisplayed is completed successfully
Closing Browser
Opening Browser
clicking on gender button 
clicking on next button 
Handeling age drop down 
Clicking on next button 
Entering pin code 
Entering mobile num 
Clicking on continue button 
TC validateTestPlansFromTextAndBanners execution is started
Fetching number of results from text 
Fetching number of results from Banners 
TC is passed 
Click on Apply
9and9
TC validateTestPlansFromTextAndBanners is completed successfully
Closing Browser]]>
  </system-out>
</testsuite> <!-- coverFoxTest.CF_TC555_Validate_search_results_for_healthcare_policies -->
